D:\personal_projects\cardiac-seg\.venv\Lib\site-packages\torch\cuda\__init__.py:63: FutureWarning: The pynvml package is deprecated. Please install nvidia-ml-py instead. If you did not install pynvml directly, please report this to the maintainers of the package that installed pynvml for you.
  import pynvml  # type: ignore[import]
15:24:22 INFO cardioseg | device=cuda torch=2.12.1+cu130 cudnn.benchmark=True seeds=[0, 1] | split=synth_main | criteria datasets=['cmrxmotion'] vendors=['Canon', 'GE']
15:24:22 INFO cardioseg | START store.load + split
15:24:22 INFO cardioseg | split=synth_main@1.0.0 test_hash=sha256:ecd60aad00b5 | train=dynamic val=static test n=642
15:24:22 INFO cardioseg | DONE  store.load + split (0.02s)
15:24:22 INFO cardioseg | START preload slices (residency=gpu->cuda)
load val npz:   0%|          | 0/150 [00:00<?, ?it/s]load val npz: 100%|██████████| 150/150 [00:02<00:00, 67.92it/s]
15:24:27 INFO cardioseg | DONE  preload slices (residency=gpu->cuda) (4.75s)
15:24:27 INFO cardioseg | engine train=dynamic | slices: 10488 train / 2842 val / 4 test-subj (resident cuda, compute cuda)
15:24:27 INFO cardioseg | shared data ready — training 2 seed(s): [0, 1]
2026/07/08 15:24:31 INFO mlflow.system_metrics.system_metrics_monitor: Started monitoring system metrics.
2026/07/08 15:24:31 WARNING mlflow.system_metrics.metrics.gpu_monitor: Encountered error Not Supported when trying to collect GPU power usage metrics.
epoch 0:   0%|          | 0/163 [00:00<?, ?it/s]epoch 0:   1%|          | 1/163 [00:07<20:14,  7.50s/it]2026/07/08 15:24:41 WARNING mlflow.system_metrics.metrics.gpu_monitor: Encountered error Not Supported when trying to collect GPU power usage metrics.
epoch 0:  35%|███▍      | 57/163 [00:12<00:19,  5.51it/s]epoch 0:  72%|███████▏  | 117/163 [00:17<00:05,  8.11it/s]2026/07/08 15:24:51 WARNING mlflow.system_metrics.metrics.gpu_monitor: Encountered error Not Supported when trying to collect GPU power usage metrics.
epoch 0: 100%|██████████| 163/163 [00:21<00:00,  7.59it/s]
15:24:56 INFO cardioseg | epoch  0  train_loss 1.1959  val_dice 0.1705 *  (24.8s, 6.6 batch/s)
15:24:56 INFO cardioseg | ===== VALIDATION =====
2026/07/08 15:25:01 WARNING mlflow.system_metrics.metrics.gpu_monitor: Encountered error Not Supported when trying to collect GPU power usage metrics.
2026/07/08 15:25:11 WARNING mlflow.system_metrics.metrics.gpu_monitor: Encountered error Not Supported when trying to collect GPU power usage metrics.
2026/07/08 15:25:21 WARNING mlflow.system_metrics.metrics.gpu_monitor: Encountered error Not Supported when trying to collect GPU power usage metrics.
2026/07/08 15:25:31 WARNING mlflow.system_metrics.metrics.gpu_monitor: Encountered error Not Supported when trying to collect GPU power usage metrics.
2026/07/08 15:25:42 WARNING mlflow.system_metrics.metrics.gpu_monitor: Encountered error Not Supported when trying to collect GPU power usage metrics.
2026/07/08 15:25:52 WARNING mlflow.system_metrics.metrics.gpu_monitor: Encountered error Not Supported when trying to collect GPU power usage metrics.
2026/07/08 15:26:02 WARNING mlflow.system_metrics.metrics.gpu_monitor: Encountered error Not Supported when trying to collect GPU power usage metrics.
2026/07/08 15:26:12 WARNING mlflow.system_metrics.metrics.gpu_monitor: Encountered error Not Supported when trying to collect GPU power usage metrics.
15:26:14 INFO cardioseg.validate | 
=== VAL Dice (per class, pooled over slices) ===
15:26:14 INFO cardioseg.validate |   RV      (label 1): 0.322
15:26:14 INFO cardioseg.validate |   LV-myo  (label 2): 0.234
15:26:14 INFO cardioseg.validate |   LV-cav  (label 3): 0.000
15:26:14 INFO cardioseg.validate |   mean: 0.186
15:26:14 INFO cardioseg.validate | 
=== VAL boundary (median over volumes, mm) ===
15:26:14 INFO cardioseg.validate |   RV      HD95 45.56  ASSD 16.06
15:26:14 INFO cardioseg.validate |   LV-myo  HD95 47.73  ASSD 17.45
15:26:14 INFO cardioseg.validate |   LV-cav  HD95   nan  ASSD   nan
15:26:14 INFO cardioseg.validate | 
=== VAL EF: GT vs predicted ===
15:26:14 INFO cardioseg.validate |   patient001  DCM    GT  23.0%  pred   nan%  |d|  nan
15:26:14 INFO cardioseg.validate |   patient002  DCM    GT  28.9%  pred   nan%  |d|  nan
15:26:14 INFO cardioseg.validate |   patient003  DCM    GT  13.2%  pred   nan%  |d|  nan
15:26:14 INFO cardioseg.validate |   patient004  DCM    GT  13.1%  pred   nan%  |d|  nan
15:26:14 INFO cardioseg.validate |   patient005  DCM    GT  22.3%  pred   nan%  |d|  nan
15:26:14 INFO cardioseg.validate |   patient006  DCM    GT  14.2%  pred   nan%  |d|  nan
15:26:14 INFO cardioseg.validate |   patient007  DCM    GT  10.2%  pred   nan%  |d|  nan
15:26:14 INFO cardioseg.validate |   patient008  DCM    GT  17.4%  pred   nan%  |d|  nan
15:26:14 INFO cardioseg.validate |   patient009  DCM    GT  15.2%  pred   nan%  |d|  nan
15:26:14 INFO cardioseg.validate |   patient010  DCM    GT  11.0%  pred   nan%  |d|  nan
15:26:14 INFO cardioseg.validate |   patient011  DCM    GT  12.1%  pred   nan%  |d|  nan
15:26:14 INFO cardioseg.validate |   patient012  DCM    GT  24.3%  pred   nan%  |d|  nan
15:26:14 INFO cardioseg.validate |   patient013  DCM    GT  30.9%  pred   nan%  |d|  nan
15:26:14 INFO cardioseg.validate |   patient014  DCM    GT  14.0%  pred   nan%  |d|  nan
15:26:14 INFO cardioseg.validate |   patient015  DCM    GT  25.6%  pred   nan%  |d|  nan
15:26:14 INFO cardioseg.validate |   patient016  DCM    GT  10.3%  pred   nan%  |d|  nan
15:26:14 INFO cardioseg.validate |   patient017  DCM    GT  13.5%  pred   nan%  |d|  nan
15:26:14 INFO cardioseg.validate |   patient018  DCM    GT  22.7%  pred   nan%  |d|  nan
15:26:14 INFO cardioseg.validate |   patient019  DCM    GT  27.2%  pred   nan%  |d|  nan
15:26:14 INFO cardioseg.validate |   patient020  DCM    GT  17.5%  pred   nan%  |d|  nan
15:26:14 INFO cardioseg.validate |   patient021  HCM    GT  67.5%  pred   nan%  |d|  nan
15:26:14 INFO cardioseg.validate |   patient022  HCM    GT  64.7%  pred   nan%  |d|  nan
15:26:14 INFO cardioseg.validate |   patient023  HCM    GT  69.5%  pred   nan%  |d|  nan
15:26:14 INFO cardioseg.validate |   patient024  HCM    GT  70.4%  pred   nan%  |d|  nan
15:26:14 INFO cardioseg.validate |   patient025  HCM    GT  62.6%  pred   nan%  |d|  nan
15:26:14 INFO cardioseg.validate |   patient026  HCM    GT  50.8%  pred   nan%  |d|  nan
15:26:14 INFO cardioseg.validate |   patient027  HCM    GT  70.1%  pred   nan%  |d|  nan
15:26:14 INFO cardioseg.validate |   patient028  HCM    GT  68.7%  pred   nan%  |d|  nan
15:26:14 INFO cardioseg.validate |   patient029  HCM    GT  82.0%  pred   nan%  |d|  nan
15:26:14 INFO cardioseg.validate |   patient030  HCM    GT  76.8%  pred   nan%  |d|  nan
15:26:14 INFO cardioseg.validate |   patient031  HCM    GT  73.4%  pred   nan%  |d|  nan
15:26:14 INFO cardioseg.validate |   patient032  HCM    GT  79.3%  pred   nan%  |d|  nan
15:26:14 INFO cardioseg.validate |   patient033  HCM    GT  73.2%  pred   nan%  |d|  nan
15:26:14 INFO cardioseg.validate |   patient034  HCM    GT  77.2%  pred   nan%  |d|  nan
15:26:14 INFO cardioseg.validate |   patient035  HCM    GT  66.6%  pred   nan%  |d|  nan
15:26:14 INFO cardioseg.validate |   patient036  HCM    GT  60.4%  pred   nan%  |d|  nan
15:26:14 INFO cardioseg.validate |   patient037  HCM    GT  64.7%  pred   nan%  |d|  nan
15:26:14 INFO cardioseg.validate |   patient038  HCM    GT  52.9%  pred   nan%  |d|  nan
15:26:14 INFO cardioseg.validate |   patient039  HCM    GT  71.6%  pred   nan%  |d|  nan
15:26:14 INFO cardioseg.validate |   patient040  HCM    GT  50.9%  pred   nan%  |d|  nan
15:26:14 INFO cardioseg.validate |   patient041  MINF   GT  36.3%  pred   nan%  |d|  nan
15:26:14 INFO cardioseg.validate |   patient042  MINF   GT  33.6%  pred   nan%  |d|  nan
15:26:14 INFO cardioseg.validate |   patient043  MINF   GT  33.3%  pred   nan%  |d|  nan
15:26:14 INFO cardioseg.validate |   patient044  MINF   GT  38.4%  pred   nan%  |d|  nan
15:26:14 INFO cardioseg.validate |   patient045  MINF   GT  30.1%  pred   nan%  |d|  nan
15:26:14 INFO cardioseg.validate |   patient046  MINF   GT  41.5%  pred   nan%  |d|  nan
15:26:14 INFO cardioseg.validate |   patient047  MINF   GT  16.6%  pred   nan%  |d|  nan
15:26:14 INFO cardioseg.validate |   patient048  MINF   GT  32.2%  pred   nan%  |d|  nan
15:26:14 INFO cardioseg.validate |   patient049  MINF   GT  20.4%  pred   nan%  |d|  nan
15:26:14 INFO cardioseg.validate |   patient050  MINF   GT  16.5%  pred   nan%  |d|  nan
15:26:14 INFO cardioseg.validate |   patient051  MINF   GT  43.8%  pred   nan%  |d|  nan
15:26:14 INFO cardioseg.validate |   patient052  MINF   GT  34.2%  pred   nan%  |d|  nan
15:26:14 INFO cardioseg.validate |   patient053  MINF   GT  25.3%  pred   nan%  |d|  nan
15:26:14 INFO cardioseg.validate |   patient054  MINF   GT  25.6%  pred   nan%  |d|  nan
15:26:14 INFO cardioseg.validate |   patient055  MINF   GT  28.5%  pred   nan%  |d|  nan
15:26:14 INFO cardioseg.validate |   patient056  MINF   GT  37.3%  pred   nan%  |d|  nan
15:26:14 INFO cardioseg.validate |   patient057  MINF   GT  24.4%  pred   nan%  |d|  nan
15:26:14 INFO cardioseg.validate |   patient058  MINF   GT  25.4%  pred   nan%  |d|  nan
15:26:14 INFO cardioseg.validate |   patient059  MINF   GT  41.3%  pred   nan%  |d|  nan
15:26:14 INFO cardioseg.validate |   patient060  MINF   GT  35.7%  pred   nan%  |d|  nan
15:26:14 INFO cardioseg.validate |   patient061  NOR    GT  62.7%  pred   nan%  |d|  nan
15:26:14 INFO cardioseg.validate |   patient062  NOR    GT  57.3%  pred   nan%  |d|  nan
15:26:14 INFO cardioseg.validate |   patient063  NOR    GT  73.3%  pred   nan%  |d|  nan
15:26:14 INFO cardioseg.validate |   patient064  NOR    GT  55.8%  pred   nan%  |d|  nan
15:26:14 INFO cardioseg.validate |   patient065  NOR    GT  65.7%  pred   nan%  |d|  nan
15:26:14 INFO cardioseg.validate |   patient066  NOR    GT  64.7%  pred   nan%  |d|  nan
15:26:14 INFO cardioseg.validate |   patient067  NOR    GT  60.1%  pred   nan%  |d|  nan
15:26:14 INFO cardioseg.validate |   patient068  NOR    GT  60.7%  pred   nan%  |d|  nan
15:26:14 INFO cardioseg.validate |   patient069  NOR    GT  56.1%  pred   nan%  |d|  nan
15:26:14 INFO cardioseg.validate |   patient070  NOR    GT  63.4%  pred   nan%  |d|  nan
15:26:14 INFO cardioseg.validate |   patient071  NOR    GT  54.7%  pred   nan%  |d|  nan
15:26:14 INFO cardioseg.validate |   patient072  NOR    GT  53.5%  pred   nan%  |d|  nan
15:26:14 INFO cardioseg.validate |   patient073  NOR    GT  63.4%  pred   nan%  |d|  nan
15:26:14 INFO cardioseg.validate |   patient074  NOR    GT  58.2%  pred   nan%  |d|  nan
15:26:14 INFO cardioseg.validate |   patient075  NOR    GT  51.7%  pred   nan%  |d|  nan
15:26:14 INFO cardioseg.validate |   patient076  NOR    GT  58.3%  pred   nan%  |d|  nan
15:26:14 INFO cardioseg.validate |   patient077  NOR    GT  66.5%  pred   nan%  |d|  nan
15:26:14 INFO cardioseg.validate |   patient078  NOR    GT  63.1%  pred   nan%  |d|  nan
15:26:14 INFO cardioseg.validate |   patient079  NOR    GT  57.2%  pred   nan%  |d|  nan
15:26:14 INFO cardioseg.validate |   patient080  NOR    GT  62.1%  pred   nan%  |d|  nan
15:26:14 INFO cardioseg.validate |   patient081  RV     GT  55.5%  pred   nan%  |d|  nan
15:26:14 INFO cardioseg.validate |   patient082  RV     GT  55.0%  pred   nan%  |d|  nan
15:26:14 INFO cardioseg.validate |   patient083  RV     GT  52.8%  pred   nan%  |d|  nan
15:26:14 INFO cardioseg.validate |   patient084  RV     GT  60.8%  pred   nan%  |d|  nan
15:26:14 INFO cardioseg.validate |   patient085  RV     GT  60.0%  pred   nan%  |d|  nan
15:26:14 INFO cardioseg.validate |   patient086  RV     GT  62.7%  pred   nan%  |d|  nan
15:26:14 INFO cardioseg.validate |   patient087  RV     GT  46.8%  pred   nan%  |d|  nan
15:26:14 INFO cardioseg.validate |   patient088  RV     GT  48.4%  pred   nan%  |d|  nan
15:26:14 INFO cardioseg.validate |   patient089  RV     GT  63.7%  pred   nan%  |d|  nan
15:26:14 INFO cardioseg.validate |   patient090  RV     GT  45.2%  pred   nan%  |d|  nan
15:26:14 INFO cardioseg.validate |   patient091  RV     GT  56.0%  pred   nan%  |d|  nan
15:26:14 INFO cardioseg.validate |   patient092  RV     GT  60.9%  pred   nan%  |d|  nan
15:26:14 INFO cardioseg.validate |   patient093  RV     GT  57.7%  pred   nan%  |d|  nan
15:26:14 INFO cardioseg.validate |   patient094  RV     GT  43.2%  pred   nan%  |d|  nan
15:26:14 INFO cardioseg.validate |   patient095  RV     GT  54.2%  pred   nan%  |d|  nan
15:26:14 INFO cardioseg.validate |   patient096  RV     GT  50.4%  pred   nan%  |d|  nan
15:26:14 INFO cardioseg.validate |   patient097  RV     GT  59.3%  pred   nan%  |d|  nan
15:26:14 INFO cardioseg.validate |   patient098  RV     GT  56.3%  pred   nan%  |d|  nan
15:26:14 INFO cardioseg.validate |   patient099  RV     GT  47.7%  pred   nan%  |d|  nan
15:26:14 INFO cardioseg.validate |   patient100  RV     GT  58.1%  pred   nan%  |d|  nan
15:26:14 INFO cardioseg.validate |   patient101  DCM    GT  29.8%  pred   nan%  |d|  nan
15:26:14 INFO cardioseg.validate |   patient102  NOR    GT  70.6%  pred   nan%  |d|  nan
15:26:14 INFO cardioseg.validate |   patient103  MINF   GT  26.2%  pred   nan%  |d|  nan
15:26:14 INFO cardioseg.validate |   patient104  HCM    GT  84.3%  pred   nan%  |d|  nan
15:26:14 INFO cardioseg.validate |   patient105  HCM    GT  80.4%  pred   nan%  |d|  nan
15:26:14 INFO cardioseg.validate |   patient106  DCM    GT   7.5%  pred   nan%  |d|  nan
15:26:14 INFO cardioseg.validate |   patient107  NOR    GT  60.8%  pred   nan%  |d|  nan
15:26:14 INFO cardioseg.validate |   patient108  HCM    GT  85.1%  pred   nan%  |d|  nan
15:26:14 INFO cardioseg.validate |   patient109  RV     GT  51.9%  pred   nan%  |d|  nan
15:26:14 INFO cardioseg.validate |   patient110  NOR    GT  66.1%  pred   nan%  |d|  nan
15:26:14 INFO cardioseg.validate |   patient111  HCM    GT  70.1%  pred   nan%  |d|  nan
15:26:14 INFO cardioseg.validate |   patient112  MINF   GT  45.1%  pred   nan%  |d|  nan
15:26:14 INFO cardioseg.validate |   patient113  DCM    GT  16.6%  pred   nan%  |d|  nan
15:26:14 INFO cardioseg.validate |   patient114  HCM    GT  69.5%  pred   nan%  |d|  nan
15:26:14 INFO cardioseg.validate |   patient115  MINF   GT  36.9%  pred   nan%  |d|  nan
15:26:14 INFO cardioseg.validate |   patient116  HCM    GT  62.6%  pred   nan%  |d|  nan
15:26:14 INFO cardioseg.validate |   patient117  DCM    GT  27.7%  pred   nan%  |d|  nan
15:26:14 INFO cardioseg.validate |   patient118  MINF   GT  26.6%  pred   nan%  |d|  nan
15:26:14 INFO cardioseg.validate |   patient119  RV     GT  62.4%  pred   nan%  |d|  nan
15:26:14 INFO cardioseg.validate |   patient120  MINF   GT  34.9%  pred   nan%  |d|  nan
15:26:14 INFO cardioseg.validate |   patient121  RV     GT  65.8%  pred   nan%  |d|  nan
15:26:14 INFO cardioseg.validate |   patient122  DCM    GT  29.7%  pred   nan%  |d|  nan
15:26:14 INFO cardioseg.validate |   patient123  NOR    GT  72.9%  pred   nan%  |d|  nan
15:26:14 INFO cardioseg.validate |   patient124  RV     GT  58.3%  pred   nan%  |d|  nan
15:26:14 INFO cardioseg.validate |   patient125  NOR    GT  63.1%  pred   nan%  |d|  nan
15:26:14 INFO cardioseg.validate |   patient126  RV     GT  55.2%  pred   nan%  |d|  nan
15:26:14 INFO cardioseg.validate |   patient127  RV     GT  54.4%  pred   nan%  |d|  nan
15:26:14 INFO cardioseg.validate |   patient128  NOR    GT  62.0%  pred   nan%  |d|  nan
15:26:14 INFO cardioseg.validate |   patient129  RV     GT  56.2%  pred   nan%  |d|  nan
15:26:14 INFO cardioseg.validate |   patient130  NOR    GT  60.4%  pred   nan%  |d|  nan
15:26:14 INFO cardioseg.validate |   patient131  DCM    GT  12.9%  pred   nan%  |d|  nan
15:26:14 INFO cardioseg.validate |   patient132  DCM    GT  13.4%  pred   nan%  |d|  nan
15:26:14 INFO cardioseg.validate |   patient133  DCM    GT  14.5%  pred   nan%  |d|  nan
15:26:14 INFO cardioseg.validate |   patient134  HCM    GT  63.0%  pred   nan%  |d|  nan
15:26:14 INFO cardioseg.validate |   patient135  MINF   GT  19.9%  pred   nan%  |d|  nan
15:26:14 INFO cardioseg.validate |   patient136  DCM    GT  30.2%  pred   nan%  |d|  nan
15:26:14 INFO cardioseg.validate |   patient137  MINF   GT  39.8%  pred   nan%  |d|  nan
15:26:14 INFO cardioseg.validate |   patient138  HCM    GT  69.5%  pred   nan%  |d|  nan
15:26:14 INFO cardioseg.validate |   patient139  NOR    GT  63.3%  pred   nan%  |d|  nan
15:26:14 INFO cardioseg.validate |   patient140  RV     GT  55.9%  pred   nan%  |d|  nan
15:26:14 INFO cardioseg.validate |   patient141  RV     GT  67.6%  pred   nan%  |d|  nan
15:26:14 INFO cardioseg.validate |   patient142  HCM    GT  81.9%  pred   nan%  |d|  nan
15:26:14 INFO cardioseg.validate |   patient143  MINF   GT  25.4%  pred   nan%  |d|  nan
15:26:14 INFO cardioseg.validate |   patient144  NOR    GT  70.6%  pred   nan%  |d|  nan
15:26:14 INFO cardioseg.validate |   patient145  MINF   GT  19.5%  pred   nan%  |d|  nan
15:26:14 INFO cardioseg.validate |   patient146  HCM    GT  81.5%  pred   nan%  |d|  nan
15:26:14 INFO cardioseg.validate |   patient147  RV     GT  72.4%  pred   nan%  |d|  nan
15:26:14 INFO cardioseg.validate |   patient148  MINF   GT  30.4%  pred   nan%  |d|  nan
15:26:14 INFO cardioseg.validate |   patient149  DCM    GT  41.8%  pred   nan%  |d|  nan
15:26:14 INFO cardioseg.validate |   patient150  NOR    GT  75.3%  pred   nan%  |d|  nan
15:26:14 INFO cardioseg.validate |   EF MAE = nan%  (n=150)
15:26:14 INFO cardioseg | ===== HELD-OUT TEST: datasets=['cmrxmotion'] vendors=['Canon', 'GE'] (n=4) =====
15:26:16 INFO cardioseg.validate | 
=== VAL Dice (per class, pooled over slices) ===
15:26:16 INFO cardioseg.validate |   RV      (label 1): 0.279
15:26:16 INFO cardioseg.validate |   LV-myo  (label 2): 0.003
15:26:16 INFO cardioseg.validate |   LV-cav  (label 3): 0.000
15:26:16 INFO cardioseg.validate |   mean: 0.094
15:26:16 INFO cardioseg.validate | 
=== VAL boundary (median over volumes, mm) ===
15:26:16 INFO cardioseg.validate |   RV      HD95 53.83  ASSD 20.52
15:26:16 INFO cardioseg.validate |   LV-myo  HD95 57.26  ASSD 30.26
15:26:16 INFO cardioseg.validate |   LV-cav  HD95   nan  ASSD   nan
15:26:16 INFO cardioseg.validate | 
=== VAL EF: GT vs predicted ===
15:26:16 INFO cardioseg.validate |   001         NOR    GT  64.3%  pred   nan%  |d|  nan
15:26:16 INFO cardioseg.validate |   002         NOR    GT  67.7%  pred   nan%  |d|  nan
15:26:16 INFO cardioseg.validate |   003         NOR    GT  66.5%  pred   nan%  |d|  nan
15:26:16 INFO cardioseg.validate |   004         NOR    GT  59.0%  pred   nan%  |d|  nan
15:26:16 INFO cardioseg.validate |   EF MAE = nan%  (n=4)
15:26:16 INFO cardioseg | saved model + config + metrics -> runs\mdem_inflow\_smoke_s0/
15:26:16 INFO cardioseg | quick mode: skipping model card / attribution / ONNX / registry
2026/07/08 15:26:16 INFO mlflow.system_metrics.system_metrics_monitor: Stopping system metrics monitoring...
2026/07/08 15:26:16 INFO mlflow.system_metrics.system_metrics_monitor: Successfully terminated system metrics monitoring!
2026/07/08 15:26:16 INFO mlflow.system_metrics.system_metrics_monitor: Started monitoring system metrics.
2026/07/08 15:26:16 WARNING mlflow.system_metrics.metrics.gpu_monitor: Encountered error Not Supported when trying to collect GPU power usage metrics.
epoch 0:   0%|          | 0/163 [00:00<?, ?it/s]epoch 0:  39%|███▊      | 63/163 [00:05<00:07, 12.55it/s]2026/07/08 15:26:26 WARNING mlflow.system_metrics.metrics.gpu_monitor: Encountered error Not Supported when trying to collect GPU power usage metrics.
epoch 0:  79%|███████▊  | 128/163 [00:10<00:02, 12.73it/s]epoch 0: 100%|██████████| 163/163 [00:12<00:00, 12.75it/s]
15:26:30 INFO cardioseg | epoch  0  train_loss 1.1854  val_dice 0.2720 *  (13.7s, 11.9 batch/s)
15:26:30 INFO cardioseg | ===== VALIDATION =====
2026/07/08 15:26:36 WARNING mlflow.system_metrics.metrics.gpu_monitor: Encountered error Not Supported when trying to collect GPU power usage metrics.
2026/07/08 15:26:46 WARNING mlflow.system_metrics.metrics.gpu_monitor: Encountered error Not Supported when trying to collect GPU power usage metrics.
2026/07/08 15:26:56 WARNING mlflow.system_metrics.metrics.gpu_monitor: Encountered error Not Supported when trying to collect GPU power usage metrics.
2026/07/08 15:27:06 WARNING mlflow.system_metrics.metrics.gpu_monitor: Encountered error Not Supported when trying to collect GPU power usage metrics.
2026/07/08 15:27:16 WARNING mlflow.system_metrics.metrics.gpu_monitor: Encountered error Not Supported when trying to collect GPU power usage metrics.
2026/07/08 15:27:26 WARNING mlflow.system_metrics.metrics.gpu_monitor: Encountered error Not Supported when trying to collect GPU power usage metrics.
2026/07/08 15:27:36 WARNING mlflow.system_metrics.metrics.gpu_monitor: Encountered error Not Supported when trying to collect GPU power usage metrics.
2026/07/08 15:27:46 WARNING mlflow.system_metrics.metrics.gpu_monitor: Encountered error Not Supported when trying to collect GPU power usage metrics.
2026/07/08 15:27:56 WARNING mlflow.system_metrics.metrics.gpu_monitor: Encountered error Not Supported when trying to collect GPU power usage metrics.
15:27:58 INFO cardioseg.validate | 
=== VAL Dice (per class, pooled over slices) ===
15:27:58 INFO cardioseg.validate |   RV      (label 1): 0.189
15:27:58 INFO cardioseg.validate |   LV-myo  (label 2): 0.304
15:27:58 INFO cardioseg.validate |   LV-cav  (label 3): 0.218
15:27:58 INFO cardioseg.validate |   mean: 0.237
15:27:58 INFO cardioseg.validate | 
=== VAL boundary (median over volumes, mm) ===
15:27:58 INFO cardioseg.validate |   RV      HD95 45.71  ASSD 23.29
15:27:58 INFO cardioseg.validate |   LV-myo  HD95 34.94  ASSD 10.42
15:27:58 INFO cardioseg.validate |   LV-cav  HD95 31.58  ASSD 12.91
15:27:58 INFO cardioseg.validate | 
=== VAL EF: GT vs predicted ===
15:27:58 INFO cardioseg.validate |   patient001  DCM    GT  23.0%  pred  38.5%  |d| 15.5
15:27:58 INFO cardioseg.validate |   patient002  DCM    GT  28.9%  pred  39.8%  |d| 10.8
15:27:58 INFO cardioseg.validate |   patient003  DCM    GT  13.2%  pred  22.8%  |d|  9.6
15:27:58 INFO cardioseg.validate |   patient004  DCM    GT  13.1%  pred  -7.7%  |d| 20.8
15:27:58 INFO cardioseg.validate |   patient005  DCM    GT  22.3%  pred -58.0%  |d| 80.3
15:27:58 INFO cardioseg.validate |   patient006  DCM    GT  14.2%  pred  -4.3%  |d| 18.5
15:27:58 INFO cardioseg.validate |   patient007  DCM    GT  10.2%  pred  -5.6%  |d| 15.8
15:27:58 INFO cardioseg.validate |   patient008  DCM    GT  17.4%  pred  14.1%  |d|  3.3
15:27:58 INFO cardioseg.validate |   patient009  DCM    GT  15.2%  pred  -5.8%  |d| 21.0
15:27:58 INFO cardioseg.validate |   patient010  DCM    GT  11.0%  pred  24.2%  |d| 13.2
15:27:58 INFO cardioseg.validate |   patient011  DCM    GT  12.1%  pred  13.3%  |d|  1.2
15:27:58 INFO cardioseg.validate |   patient012  DCM    GT  24.3%  pred  49.5%  |d| 25.1
15:27:58 INFO cardioseg.validate |   patient013  DCM    GT  30.9%  pred  34.3%  |d|  3.4
15:27:58 INFO cardioseg.validate |   patient014  DCM    GT  14.0%  pred   1.9%  |d| 12.1
15:27:58 INFO cardioseg.validate |   patient015  DCM    GT  25.6%  pred  34.5%  |d|  8.8
15:27:58 INFO cardioseg.validate |   patient016  DCM    GT  10.3%  pred -40.3%  |d| 50.6
15:27:58 INFO cardioseg.validate |   patient017  DCM    GT  13.5%  pred -49.0%  |d| 62.5
15:27:58 INFO cardioseg.validate |   patient018  DCM    GT  22.7%  pred  22.1%  |d|  0.6
15:27:58 INFO cardioseg.validate |   patient019  DCM    GT  27.2%  pred  42.0%  |d| 14.8
15:27:58 INFO cardioseg.validate |   patient020  DCM    GT  17.5%  pred -159.6%  |d| 177.1
15:27:58 INFO cardioseg.validate |   patient021  HCM    GT  67.5%  pred  92.1%  |d| 24.6
15:27:58 INFO cardioseg.validate |   patient022  HCM    GT  64.7%  pred -121.9%  |d| 186.6
15:27:58 INFO cardioseg.validate |   patient023  HCM    GT  69.5%  pred -115.9%  |d| 185.4
15:27:58 INFO cardioseg.validate |   patient024  HCM    GT  70.4%  pred  67.9%  |d|  2.5
15:27:58 INFO cardioseg.validate |   patient025  HCM    GT  62.6%  pred  68.4%  |d|  5.7
15:27:58 INFO cardioseg.validate |   patient026  HCM    GT  50.8%  pred  72.2%  |d| 21.4
15:27:58 INFO cardioseg.validate |   patient027  HCM    GT  70.1%  pred  81.2%  |d| 11.0
15:27:58 INFO cardioseg.validate |   patient028  HCM    GT  68.7%  pred -121.4%  |d| 190.1
15:27:58 INFO cardioseg.validate |   patient029  HCM    GT  82.0%  pred  46.1%  |d| 35.9
15:27:58 INFO cardioseg.validate |   patient030  HCM    GT  76.8%  pred  73.5%  |d|  3.3
15:27:58 INFO cardioseg.validate |   patient031  HCM    GT  73.4%  pred  93.8%  |d| 20.4
15:27:58 INFO cardioseg.validate |   patient032  HCM    GT  79.3%  pred  29.9%  |d| 49.5
15:27:58 INFO cardioseg.validate |   patient033  HCM    GT  73.2%  pred  45.2%  |d| 27.9
15:27:58 INFO cardioseg.validate |   patient034  HCM    GT  77.2%  pred -96.7%  |d| 173.9
15:27:58 INFO cardioseg.validate |   patient035  HCM    GT  66.6%  pred  92.5%  |d| 25.9
15:27:58 INFO cardioseg.validate |   patient036  HCM    GT  60.4%  pred  84.0%  |d| 23.6
15:27:58 INFO cardioseg.validate |   patient037  HCM    GT  64.7%  pred  64.6%  |d|  0.1
15:27:58 INFO cardioseg.validate |   patient038  HCM    GT  52.9%  pred -81.4%  |d| 134.3
15:27:58 INFO cardioseg.validate |   patient039  HCM    GT  71.6%  pred  80.4%  |d|  8.8
15:27:58 INFO cardioseg.validate |   patient040  HCM    GT  50.9%  pred  92.5%  |d| 41.6
15:27:58 INFO cardioseg.validate |   patient041  MINF   GT  36.3%  pred  14.9%  |d| 21.4
15:27:58 INFO cardioseg.validate |   patient042  MINF   GT  33.6%  pred  53.4%  |d| 19.8
15:27:58 INFO cardioseg.validate |   patient043  MINF   GT  33.3%  pred  17.8%  |d| 15.5
15:27:58 INFO cardioseg.validate |   patient044  MINF   GT  38.4%  pred  28.5%  |d|  9.9
15:27:58 INFO cardioseg.validate |   patient045  MINF   GT  30.1%  pred  48.1%  |d| 18.0
15:27:58 INFO cardioseg.validate |   patient046  MINF   GT  41.5%  pred  41.7%  |d|  0.2
15:27:58 INFO cardioseg.validate |   patient047  MINF   GT  16.6%  pred -94.0%  |d| 110.5
15:27:58 INFO cardioseg.validate |   patient048  MINF   GT  32.2%  pred  33.7%  |d|  1.5
15:27:58 INFO cardioseg.validate |   patient049  MINF   GT  20.4%  pred   0.8%  |d| 19.6
15:27:58 INFO cardioseg.validate |   patient050  MINF   GT  16.5%  pred -10.0%  |d| 26.6
15:27:58 INFO cardioseg.validate |   patient051  MINF   GT  43.8%  pred -38.0%  |d| 81.8
15:27:58 INFO cardioseg.validate |   patient052  MINF   GT  34.2%  pred  52.9%  |d| 18.6
15:27:58 INFO cardioseg.validate |   patient053  MINF   GT  25.3%  pred  14.9%  |d| 10.4
15:27:58 INFO cardioseg.validate |   patient054  MINF   GT  25.6%  pred  41.7%  |d| 16.1
15:27:58 INFO cardioseg.validate |   patient055  MINF   GT  28.5%  pred  25.9%  |d|  2.7
15:27:58 INFO cardioseg.validate |   patient056  MINF   GT  37.3%  pred  82.4%  |d| 45.1
15:27:58 INFO cardioseg.validate |   patient057  MINF   GT  24.4%  pred  53.7%  |d| 29.3
15:27:58 INFO cardioseg.validate |   patient058  MINF   GT  25.4%  pred  84.1%  |d| 58.7
15:27:58 INFO cardioseg.validate |   patient059  MINF   GT  41.3%  pred  81.0%  |d| 39.7
15:27:58 INFO cardioseg.validate |   patient060  MINF   GT  35.7%  pred -152.3%  |d| 188.0
15:27:58 INFO cardioseg.validate |   patient061  NOR    GT  62.7%  pred  88.7%  |d| 25.9
15:27:58 INFO cardioseg.validate |   patient062  NOR    GT  57.3%  pred  36.3%  |d| 20.9
15:27:58 INFO cardioseg.validate |   patient063  NOR    GT  73.3%  pred -10.4%  |d| 83.7
15:27:58 INFO cardioseg.validate |   patient064  NOR    GT  55.8%  pred  67.3%  |d| 11.5
15:27:58 INFO cardioseg.validate |   patient065  NOR    GT  65.7%  pred  42.9%  |d| 22.8
15:27:58 INFO cardioseg.validate |   patient066  NOR    GT  64.7%  pred  81.8%  |d| 17.1
15:27:58 INFO cardioseg.validate |   patient067  NOR    GT  60.1%  pred -14.6%  |d| 74.8
15:27:58 INFO cardioseg.validate |   patient068  NOR    GT  60.7%  pred -27.0%  |d| 87.7
15:27:58 INFO cardioseg.validate |   patient069  NOR    GT  56.1%  pred  21.4%  |d| 34.7
15:27:58 INFO cardioseg.validate |   patient070  NOR    GT  63.4%  pred  97.6%  |d| 34.2
15:27:58 INFO cardioseg.validate |   patient071  NOR    GT  54.7%  pred  93.6%  |d| 38.9
15:27:58 INFO cardioseg.validate |   patient072  NOR    GT  53.5%  pred  77.2%  |d| 23.6
15:27:58 INFO cardioseg.validate |   patient073  NOR    GT  63.4%  pred  75.9%  |d| 12.5
15:27:58 INFO cardioseg.validate |   patient074  NOR    GT  58.2%  pred  22.1%  |d| 36.1
15:27:58 INFO cardioseg.validate |   patient075  NOR    GT  51.7%  pred  96.5%  |d| 44.8
15:27:58 INFO cardioseg.validate |   patient076  NOR    GT  58.3%  pred  22.4%  |d| 35.9
15:27:58 INFO cardioseg.validate |   patient077  NOR    GT  66.5%  pred  85.2%  |d| 18.7
15:27:58 INFO cardioseg.validate |   patient078  NOR    GT  63.1%  pred  69.9%  |d|  6.9
15:27:58 INFO cardioseg.validate |   patient079  NOR    GT  57.2%  pred  62.5%  |d|  5.3
15:27:58 INFO cardioseg.validate |   patient080  NOR    GT  62.1%  pred -63.3%  |d| 125.4
15:27:58 INFO cardioseg.validate |   patient081  RV     GT  55.5%  pred  62.7%  |d|  7.2
15:27:58 INFO cardioseg.validate |   patient082  RV     GT  55.0%  pred  80.1%  |d| 25.0
15:27:58 INFO cardioseg.validate |   patient083  RV     GT  52.8%  pred -26.7%  |d| 79.5
15:27:58 INFO cardioseg.validate |   patient084  RV     GT  60.8%  pred -50.3%  |d| 111.2
15:27:58 INFO cardioseg.validate |   patient085  RV     GT  60.0%  pred  33.2%  |d| 26.8
15:27:58 INFO cardioseg.validate |   patient086  RV     GT  62.7%  pred -14.3%  |d| 77.0
15:27:58 INFO cardioseg.validate |   patient087  RV     GT  46.8%  pred  75.8%  |d| 29.0
15:27:58 INFO cardioseg.validate |   patient088  RV     GT  48.4%  pred  61.8%  |d| 13.3
15:27:58 INFO cardioseg.validate |   patient089  RV     GT  63.7%  pred   4.8%  |d| 58.9
15:27:58 INFO cardioseg.validate |   patient090  RV     GT  45.2%  pred -90.8%  |d| 136.1
15:27:58 INFO cardioseg.validate |   patient091  RV     GT  56.0%  pred  29.3%  |d| 26.7
15:27:58 INFO cardioseg.validate |   patient092  RV     GT  60.9%  pred  25.5%  |d| 35.4
15:27:58 INFO cardioseg.validate |   patient093  RV     GT  57.7%  pred  43.2%  |d| 14.5
15:27:58 INFO cardioseg.validate |   patient094  RV     GT  43.2%  pred  65.8%  |d| 22.6
15:27:58 INFO cardioseg.validate |   patient095  RV     GT  54.2%  pred  78.0%  |d| 23.8
15:27:58 INFO cardioseg.validate |   patient096  RV     GT  50.4%  pred  53.9%  |d|  3.6
15:27:58 INFO cardioseg.validate |   patient097  RV     GT  59.3%  pred  65.0%  |d|  5.7
15:27:58 INFO cardioseg.validate |   patient098  RV     GT  56.3%  pred  12.3%  |d| 44.0
15:27:58 INFO cardioseg.validate |   patient099  RV     GT  47.7%  pred  35.5%  |d| 12.2
15:27:58 INFO cardioseg.validate |   patient100  RV     GT  58.1%  pred  83.0%  |d| 24.9
15:27:58 INFO cardioseg.validate |   patient101  DCM    GT  29.8%  pred -91.7%  |d| 121.5
15:27:58 INFO cardioseg.validate |   patient102  NOR    GT  70.6%  pred -62.0%  |d| 132.6
15:27:58 INFO cardioseg.validate |   patient103  MINF   GT  26.2%  pred  74.7%  |d| 48.6
15:27:58 INFO cardioseg.validate |   patient104  HCM    GT  84.3%  pred  88.7%  |d|  4.3
15:27:58 INFO cardioseg.validate |   patient105  HCM    GT  80.4%  pred  94.3%  |d| 13.9
15:27:58 INFO cardioseg.validate |   patient106  DCM    GT   7.5%  pred -135.9%  |d| 143.4
15:27:58 INFO cardioseg.validate |   patient107  NOR    GT  60.8%  pred  -4.7%  |d| 65.5
15:27:58 INFO cardioseg.validate |   patient108  HCM    GT  85.1%  pred  76.3%  |d|  8.8
15:27:58 INFO cardioseg.validate |   patient109  RV     GT  51.9%  pred  59.4%  |d|  7.5
15:27:58 INFO cardioseg.validate |   patient110  NOR    GT  66.1%  pred  97.9%  |d| 31.8
15:27:58 INFO cardioseg.validate |   patient111  HCM    GT  70.1%  pred  98.3%  |d| 28.1
15:27:58 INFO cardioseg.validate |   patient112  MINF   GT  45.1%  pred  66.7%  |d| 21.6
15:27:58 INFO cardioseg.validate |   patient113  DCM    GT  16.6%  pred  -8.6%  |d| 25.2
15:27:58 INFO cardioseg.validate |   patient114  HCM    GT  69.5%  pred  65.0%  |d|  4.4
15:27:58 INFO cardioseg.validate |   patient115  MINF   GT  36.9%  pred -14.0%  |d| 50.9
15:27:58 INFO cardioseg.validate |   patient116  HCM    GT  62.6%  pred  79.1%  |d| 16.5
15:27:58 INFO cardioseg.validate |   patient117  DCM    GT  27.7%  pred  62.5%  |d| 34.8
15:27:58 INFO cardioseg.validate |   patient118  MINF   GT  26.6%  pred  25.9%  |d|  0.7
15:27:58 INFO cardioseg.validate |   patient119  RV     GT  62.4%  pred  84.6%  |d| 22.1
15:27:58 INFO cardioseg.validate |   patient120  MINF   GT  34.9%  pred  70.4%  |d| 35.5
15:27:58 INFO cardioseg.validate |   patient121  RV     GT  65.8%  pred  68.5%  |d|  2.7
15:27:58 INFO cardioseg.validate |   patient122  DCM    GT  29.7%  pred  12.0%  |d| 17.8
15:27:58 INFO cardioseg.validate |   patient123  NOR    GT  72.9%  pred  89.9%  |d| 17.1
15:27:58 INFO cardioseg.validate |   patient124  RV     GT  58.3%  pred  28.7%  |d| 29.6
15:27:58 INFO cardioseg.validate |   patient125  NOR    GT  63.1%  pred  30.3%  |d| 32.8
15:27:58 INFO cardioseg.validate |   patient126  RV     GT  55.2%  pred -27.0%  |d| 82.2
15:27:58 INFO cardioseg.validate |   patient127  RV     GT  54.4%  pred  59.9%  |d|  5.5
15:27:58 INFO cardioseg.validate |   patient128  NOR    GT  62.0%  pred  53.6%  |d|  8.5
15:27:58 INFO cardioseg.validate |   patient129  RV     GT  56.2%  pred  74.0%  |d| 17.7
15:27:58 INFO cardioseg.validate |   patient130  NOR    GT  60.4%  pred  56.5%  |d|  3.9
15:27:58 INFO cardioseg.validate |   patient131  DCM    GT  12.9%  pred  37.9%  |d| 25.1
15:27:58 INFO cardioseg.validate |   patient132  DCM    GT  13.4%  pred  -6.9%  |d| 20.3
15:27:58 INFO cardioseg.validate |   patient133  DCM    GT  14.5%  pred -60.4%  |d| 74.9
15:27:58 INFO cardioseg.validate |   patient134  HCM    GT  63.0%  pred  61.6%  |d|  1.4
15:27:58 INFO cardioseg.validate |   patient135  MINF   GT  19.9%  pred  -3.9%  |d| 23.8
15:27:58 INFO cardioseg.validate |   patient136  DCM    GT  30.2%  pred  50.5%  |d| 20.2
15:27:58 INFO cardioseg.validate |   patient137  MINF   GT  39.8%  pred -154.9%  |d| 194.7
15:27:58 INFO cardioseg.validate |   patient138  HCM    GT  69.5%  pred  98.4%  |d| 28.9
15:27:58 INFO cardioseg.validate |   patient139  NOR    GT  63.3%  pred  60.7%  |d|  2.5
15:27:58 INFO cardioseg.validate |   patient140  RV     GT  55.9%  pred  72.7%  |d| 16.8
15:27:58 INFO cardioseg.validate |   patient141  RV     GT  67.6%  pred  50.2%  |d| 17.4
15:27:58 INFO cardioseg.validate |   patient142  HCM    GT  81.9%  pred  91.1%  |d|  9.2
15:27:58 INFO cardioseg.validate |   patient143  MINF   GT  25.4%  pred  52.7%  |d| 27.3
15:27:58 INFO cardioseg.validate |   patient144  NOR    GT  70.6%  pred  45.8%  |d| 24.8
15:27:58 INFO cardioseg.validate |   patient145  MINF   GT  19.5%  pred -21.9%  |d| 41.4
15:27:58 INFO cardioseg.validate |   patient146  HCM    GT  81.5%  pred -67.8%  |d| 149.3
15:27:58 INFO cardioseg.validate |   patient147  RV     GT  72.4%  pred  78.7%  |d|  6.4
15:27:58 INFO cardioseg.validate |   patient148  MINF   GT  30.4%  pred   6.6%  |d| 23.8
15:27:58 INFO cardioseg.validate |   patient149  DCM    GT  41.8%  pred   9.1%  |d| 32.7
15:27:58 INFO cardioseg.validate |   patient150  NOR    GT  75.3%  pred  45.0%  |d| 30.4
15:27:58 INFO cardioseg.validate |   EF MAE = 38.8%  (n=150)
15:27:58 INFO cardioseg | ===== HELD-OUT TEST: datasets=['cmrxmotion'] vendors=['Canon', 'GE'] (n=4) =====
15:28:00 INFO cardioseg.validate | 
=== VAL Dice (per class, pooled over slices) ===
15:28:00 INFO cardioseg.validate |   RV      (label 1): 0.263
15:28:00 INFO cardioseg.validate |   LV-myo  (label 2): 0.072
15:28:00 INFO cardioseg.validate |   LV-cav  (label 3): 0.026
15:28:00 INFO cardioseg.validate |   mean: 0.120
15:28:00 INFO cardioseg.validate | 
=== VAL boundary (median over volumes, mm) ===
15:28:00 INFO cardioseg.validate |   RV      HD95 38.53  ASSD 14.78
15:28:00 INFO cardioseg.validate |   LV-myo  HD95 52.15  ASSD 25.14
15:28:00 INFO cardioseg.validate |   LV-cav  HD95 41.41  ASSD 20.46
15:28:00 INFO cardioseg.validate | 
=== VAL EF: GT vs predicted ===
15:28:00 INFO cardioseg.validate |   001         NOR    GT  64.3%  pred  41.1%  |d| 23.1
15:28:00 INFO cardioseg.validate |   002         NOR    GT  67.7%  pred -221.6%  |d| 289.4
15:28:00 INFO cardioseg.validate |   003         NOR    GT  66.5%  pred -190.0%  |d| 256.5
15:28:00 INFO cardioseg.validate |   004         NOR    GT  59.0%  pred  34.1%  |d| 24.9
15:28:00 INFO cardioseg.validate |   EF MAE = 148.5%  (n=4)
15:28:00 INFO cardioseg | saved model + config + metrics -> runs\mdem_inflow\_smoke_s1/
15:28:00 INFO cardioseg | quick mode: skipping model card / attribution / ONNX / registry
2026/07/08 15:28:00 INFO mlflow.system_metrics.system_metrics_monitor: Stopping system metrics monitoring...
2026/07/08 15:28:00 INFO mlflow.system_metrics.system_metrics_monitor: Successfully terminated system metrics monitoring!
